{
  "stats": {
    "suites": 1,
    "tests": 2,
    "passes": 2,
    "pending": 1,
    "failures": -1,
    "start": "2021-01-24T12:32:13.438Z",
    "end": "2021-01-24T12:33:11.062Z",
    "duration": 57624,
    "testsRegistered": 3,
    "passPercent": 100,
    "pendingPercent": 33.33333333333333,
    "other": 1,
    "hasOther": true,
    "skipped": 1,
    "hasSkipped": true
  },
  "results": [
    {
      "uuid": "09bb36ea-820b-4c87-a21c-8c8f85deac60",
      "title": "",
      "fullFile": "cypress\\integration\\examples\\Framework.js",
      "file": "cypress\\integration\\examples\\Framework.js",
      "beforeHooks": [],
      "afterHooks": [],
      "tests": [],
      "suites": [
        {
          "uuid": "bfc9c867-b512-406a-ae46-08518138f026",
          "title": "This is First Test Suite",
          "fullFile": "",
          "file": "",
          "beforeHooks": [],
          "afterHooks": [],
          "tests": [
            {
              "title": "Test Case - 1 ",
              "fullTitle": "This is First Test Suite Test Case - 1 ",
              "timedOut": null,
              "duration": 16544,
              "state": "passed",
              "speed": "slow",
              "pass": true,
              "fail": false,
              "pending": false,
              "context": null,
              "code": "cy.visit(\"https://rahulshettyacademy.com/angularpractice/\");\ncy.get(\"input[name='name']:nth-child(2)\").type(this.data.name);\ncy.get(\"#exampleFormControlSelect1\").select(this.data.gender);\ncy.get(\"input[name='name']:nth-child(1)\").should('have.value', this.data.name);\ncy.screenshot();\ncy.get(\"input[name='name']:nth-child(2)\").should('have.attr', \"minLength\", 2);\ncy.screenshot();\ncy.get('a:contains(\"Shop\")').click({\n  force: true\n}); // cy.addProduct(\"Blackberry\")\n// cy.addProduct(\"Nokia Edge\")\nthis.data.productName.forEach(function (element) {\n  cy.addProduct(element);\n});",
              "err": {},
              "uuid": "423c59b2-548c-49e6-8566-39b6041c9495",
              "parentUUID": "bfc9c867-b512-406a-ae46-08518138f026",
              "isHook": false,
              "skipped": false
            },
            {
              "title": "Test Case - POM Model ",
              "fullTitle": "This is First Test Suite Test Case - POM Model ",
              "timedOut": null,
              "duration": 0,
              "state": "pending",
              "speed": null,
              "pass": false,
              "fail": false,
              "pending": true,
              "context": null,
              "code": "",
              "err": {},
              "uuid": "4eafd684-e473-4068-9f8d-c99313ec09bb",
              "parentUUID": "bfc9c867-b512-406a-ae46-08518138f026",
              "isHook": false,
              "skipped": false
            },
            {
              "title": "Test Case - Amazon Login ",
              "fullTitle": "This is First Test Suite Test Case - Amazon Login ",
              "timedOut": null,
              "duration": 28911,
              "state": "passed",
              "speed": "slow",
              "pass": true,
              "fail": false,
              "pending": false,
              "context": null,
              "code": "// amazonHome.LoginToamazon()\n// amazonHome.enterEmail(\"m.muralimohan@live.in\")\n// amazonHome.clickContinue()\nvar amazonMainPage = new _AmazonMainPage[\"default\"]();\ncy.LoginToAmazon(\"m.muralimohan@live.in\", \"Infosys1$\");\namazonMainPage.searchContentAndSelect(\"Samsung\", \"samsung s20\");\namazonMainPage.searchContentAndSelect(\"IPhone x\", \"IPhone x\");",
              "err": {},
              "uuid": "2e1bba1d-624c-4b08-a98c-ec6aed854bee",
              "parentUUID": "bfc9c867-b512-406a-ae46-08518138f026",
              "isHook": false,
              "skipped": false
            }
          ],
          "suites": [],
          "passes": [
            "423c59b2-548c-49e6-8566-39b6041c9495",
            "2e1bba1d-624c-4b08-a98c-ec6aed854bee"
          ],
          "failures": [],
          "pending": [
            "4eafd684-e473-4068-9f8d-c99313ec09bb"
          ],
          "skipped": [],
          "duration": 45455,
          "root": false,
          "rootEmpty": false,
          "_timeout": 2000
        }
      ],
      "passes": [],
      "failures": [],
      "pending": [],
      "skipped": [],
      "duration": 0,
      "root": true,
      "rootEmpty": true,
      "_timeout": 2000
    }
  ],
  "meta": {
    "mocha": {
      "version": "7.0.1"
    },
    "mochawesome": {
      "options": {
        "quiet": false,
        "reportFilename": "mochawesome",
        "saveHtml": true,
        "saveJson": true,
        "consoleReporter": "spec",
        "useInlineDiffs": false,
        "code": true
      },
      "version": "6.2.1"
    },
    "marge": {
      "options": null,
      "version": "5.1.0"
    }
  }
}