{
  "stats": {
    "suites": 1,
    "tests": 2,
    "passes": 2,
    "pending": 1,
    "failures": -1,
    "start": "2021-01-24T17:42:29.254Z",
    "end": "2021-01-24T17:43:04.954Z",
    "duration": 35700,
    "testsRegistered": 3,
    "passPercent": 100,
    "pendingPercent": 33.33333333333333,
    "other": 1,
    "hasOther": true,
    "skipped": 1,
    "hasSkipped": true
  },
  "results": [
    {
      "uuid": "f35375d8-71ce-4945-bc34-91d5297f9ea7",
      "title": "",
      "fullFile": "cypress\\integration\\examples\\Framework.js",
      "file": "cypress\\integration\\examples\\Framework.js",
      "beforeHooks": [],
      "afterHooks": [],
      "tests": [],
      "suites": [
        {
          "uuid": "02ab37ea-455d-430a-aa1e-68326cc95a99",
          "title": "This is First Test Suite",
          "fullFile": "",
          "file": "",
          "beforeHooks": [],
          "afterHooks": [],
          "tests": [
            {
              "title": "Test Case - 1 ",
              "fullTitle": "This is First Test Suite Test Case - 1 ",
              "timedOut": null,
              "duration": 7983,
              "state": "passed",
              "speed": "slow",
              "pass": true,
              "fail": false,
              "pending": false,
              "context": null,
              "code": "cy.visit(\"https://rahulshettyacademy.com/angularpractice/\");\ncy.get(\"input[name='name']:nth-child(2)\").type(this.data.name);\ncy.get(\"#exampleFormControlSelect1\").select(this.data.gender);\ncy.get(\"input[name='name']:nth-child(1)\").should('have.value', this.data.name);\ncy.screenshot();\ncy.get(\"input[name='name']:nth-child(2)\").should('have.attr', \"minLength\", 2);\ncy.screenshot();\ncy.get('a:contains(\"Shop\")').click({\n  force: true\n}); // cy.addProduct(\"Blackberry\")\n// cy.addProduct(\"Nokia Edge\")\nthis.data.productName.forEach(function (element) {\n  cy.addProduct(element);\n});",
              "err": {},
              "uuid": "d6b2d853-3b0b-4ddf-8bc9-54e97dbff4b0",
              "parentUUID": "02ab37ea-455d-430a-aa1e-68326cc95a99",
              "isHook": false,
              "skipped": false
            },
            {
              "title": "Test Case - POM Model ",
              "fullTitle": "This is First Test Suite Test Case - POM Model ",
              "timedOut": null,
              "duration": 0,
              "state": "pending",
              "speed": null,
              "pass": false,
              "fail": false,
              "pending": true,
              "context": null,
              "code": "",
              "err": {},
              "uuid": "4a79959f-21c0-434f-9579-83c7da3f972a",
              "parentUUID": "02ab37ea-455d-430a-aa1e-68326cc95a99",
              "isHook": false,
              "skipped": false
            },
            {
              "title": "Test Case - Amazon Login ",
              "fullTitle": "This is First Test Suite Test Case - Amazon Login ",
              "timedOut": null,
              "duration": 21259,
              "state": "passed",
              "speed": "slow",
              "pass": true,
              "fail": false,
              "pending": false,
              "context": null,
              "code": "// amazonHome.LoginToamazon()\n// amazonHome.enterEmail(\"m.muralimohan@live.in\")\n// amazonHome.clickContinue()\nvar amazonMainPage = new _AmazonMainPage[\"default\"]();\ncy.LoginToAmazon(\"m.muralimohan@live.in\", \"Infosys1$\");\namazonMainPage.searchContentAndSelect(\"Samsung\", \"samsung s20\");\namazonMainPage.searchContentAndSelect(\"IPhone x\", \"IPhone x\");",
              "err": {},
              "uuid": "14dbcca5-9149-4a08-a50a-3234e9448cdb",
              "parentUUID": "02ab37ea-455d-430a-aa1e-68326cc95a99",
              "isHook": false,
              "skipped": false
            }
          ],
          "suites": [],
          "passes": [
            "d6b2d853-3b0b-4ddf-8bc9-54e97dbff4b0",
            "14dbcca5-9149-4a08-a50a-3234e9448cdb"
          ],
          "failures": [],
          "pending": [
            "4a79959f-21c0-434f-9579-83c7da3f972a"
          ],
          "skipped": [],
          "duration": 29242,
          "root": false,
          "rootEmpty": false,
          "_timeout": 2000
        }
      ],
      "passes": [],
      "failures": [],
      "pending": [],
      "skipped": [],
      "duration": 0,
      "root": true,
      "rootEmpty": true,
      "_timeout": 2000
    }
  ],
  "meta": {
    "mocha": {
      "version": "7.0.1"
    },
    "mochawesome": {
      "options": {
        "quiet": false,
        "reportFilename": "mochawesome",
        "saveHtml": true,
        "saveJson": true,
        "consoleReporter": "spec",
        "useInlineDiffs": false,
        "code": true
      },
      "version": "6.2.1"
    },
    "marge": {
      "options": null,
      "version": "5.1.0"
    }
  }
}