{
  "stats": {
    "suites": 1,
    "tests": 1,
    "passes": 1,
    "pending": 0,
    "failures": 0,
    "start": "2021-01-26T17:58:11.740Z",
    "end": "2021-01-26T17:58:15.576Z",
    "duration": 3836,
    "testsRegistered": 1,
    "passPercent": 100,
    "pendingPercent": 0,
    "other": 0,
    "hasOther": false,
    "skipped": 0,
    "hasSkipped": false
  },
  "results": [
    {
      "uuid": "121bece9-1333-4dd8-bb89-6537cc04ec03",
      "title": "",
      "fullFile": "cypress\\integration\\examples\\LearnCypress.js",
      "file": "cypress\\integration\\examples\\LearnCypress.js",
      "beforeHooks": [],
      "afterHooks": [],
      "tests": [],
      "suites": [
        {
          "uuid": "301c4f25-2c77-45e5-ad6e-1ba3dcbf2f13",
          "title": "Scenario-1",
          "fullFile": "",
          "file": "",
          "beforeHooks": [],
          "afterHooks": [],
          "tests": [
            {
              "title": "TestCase1-",
              "fullTitle": "Scenario-1 TestCase1-",
              "timedOut": null,
              "duration": 1904,
              "state": "passed",
              "speed": "slow",
              "pass": true,
              "fail": false,
              "pending": false,
              "context": null,
              "code": "cy.visit(\"https://www.google.com\");",
              "err": {},
              "uuid": "2845a2d2-c451-4157-a9a4-88e25d01f131",
              "parentUUID": "301c4f25-2c77-45e5-ad6e-1ba3dcbf2f13",
              "isHook": false,
              "skipped": false
            }
          ],
          "suites": [],
          "passes": [
            "2845a2d2-c451-4157-a9a4-88e25d01f131"
          ],
          "failures": [],
          "pending": [],
          "skipped": [],
          "duration": 1904,
          "root": false,
          "rootEmpty": false,
          "_timeout": 2000
        }
      ],
      "passes": [],
      "failures": [],
      "pending": [],
      "skipped": [],
      "duration": 0,
      "root": true,
      "rootEmpty": true,
      "_timeout": 2000
    }
  ],
  "meta": {
    "mocha": {
      "version": "7.0.1"
    },
    "mochawesome": {
      "options": {
        "quiet": false,
        "reportFilename": "report",
        "saveHtml": true,
        "saveJson": true,
        "consoleReporter": "spec",
        "useInlineDiffs": false,
        "code": true
      },
      "version": "6.2.1"
    },
    "marge": {
      "options": {
        "reportdir": "cypress/reports",
        "reportFilename": "report",
        "overwrite": true,
        "html": true,
        "json": true,
        "charts": true,
        "timestamp": "mmddyyyy_HHMMss"
      },
      "version": "5.1.0"
    }
  }
}