{
  "stats": {
    "suites": 1,
    "tests": 3,
    "passes": 3,
    "pending": 0,
    "failures": 0,
    "start": "2021-01-26T17:58:20.193Z",
    "end": "2021-01-26T17:58:41.053Z",
    "duration": 20860,
    "testsRegistered": 3,
    "passPercent": 100,
    "pendingPercent": 0,
    "other": 0,
    "hasOther": false,
    "skipped": 0,
    "hasSkipped": false
  },
  "results": [
    {
      "uuid": "505159d2-edf6-41da-8be4-b72f2c6514b6",
      "title": "",
      "fullFile": "cypress\\integration\\examples\\Test1.js",
      "file": "cypress\\integration\\examples\\Test1.js",
      "beforeHooks": [],
      "afterHooks": [],
      "tests": [],
      "suites": [
        {
          "uuid": "cbc3d018-b030-4c3d-b327-8ce0a3081255",
          "title": "This is First Test Suite",
          "fullFile": "",
          "file": "",
          "beforeHooks": [],
          "afterHooks": [],
          "tests": [
            {
              "title": "This is my first test cases",
              "fullTitle": "This is First Test Suite This is my first test cases",
              "timedOut": null,
              "duration": 5420,
              "state": "passed",
              "speed": "slow",
              "pass": true,
              "fail": false,
              "pending": false,
              "context": null,
              "code": "cy.visit(\"https://rahulshettyacademy.com/seleniumPractise/#/\");\ncy.get('.search-keyword').type('ca');\ncy.wait(1000); //cy.get('div[class=\"products\"] div.product').should('have.length',4)\ncy.get('.product:visible').should('have.length', 4);\ncy.get(\".products\").as('products');\ncy.get(\"@products\").find(\".product\").should('have.length', 4); //cy.get(\".products\").find(\".product\").eq(2).contains('ADD TO CART').click()\n//cy.get('.search-keyword').type('ca')\ncy.wait(2000);\ncy.get(\"@products\").find(\".product\").each(function ($el, index, $list) {\n  var buttonToSelect = $el.find('h4.product-name').text();\n  cy.log(buttonToSelect);\n  if (buttonToSelect.includes('Cashews')) {\n    $el.find('button').click();\n  }\n});",
              "err": {},
              "uuid": "b81fbf83-a1b3-4ec0-9e3f-71462ada2377",
              "parentUUID": "cbc3d018-b030-4c3d-b327-8ce0a3081255",
              "isHook": false,
              "skipped": false
            },
            {
              "title": "This is my second test cases",
              "fullTitle": "This is First Test Suite This is my second test cases",
              "timedOut": null,
              "duration": 12577,
              "state": "passed",
              "speed": "slow",
              "pass": true,
              "fail": false,
              "pending": false,
              "context": null,
              "code": "cy.visit(\"https://rahulshettyacademy.com/AutomationPractice/\");\ncy.get('#checkBoxOption1').check().should('be.checked').and('have.value', 'option1');\ncy.get('#checkBoxOption1').uncheck().should('not.be.checked');\ncy.get(\"input[type='checkbox']\").check([\"option2\", \"option3\"]);\ncy.get('select').select('option2').should('have.value', 'option2');\ncy.wait(2000);\ncy.get('#autocomplete').type(\"Ind\");\ncy.wait(2000);\ncy.get('.ui-menu-item div').each(function ($el, index, $list) {\n  cy.log($el.text());\n  if ($el.text() === \"India\") {\n    cy.wait(2000);\n    $el.click();\n  }\n});\ncy.get('#autocomplete').should('have.value', 'India'); //visible invisible\ncy.get('#displayed-text').should('be.visible');\ncy.get('#hide-textbox').click();\ncy.get('#displayed-text').should('not.be.visible');\ncy.get('#show-textbox').click();\ncy.get('#displayed-text').should('be.visible'); //radio buttons\ncy.get('[value=\"radio2\"]').check().should('be.checked');",
              "err": {},
              "uuid": "1c83e697-4bac-4efc-984c-835d00b6e633",
              "parentUUID": "cbc3d018-b030-4c3d-b327-8ce0a3081255",
              "isHook": false,
              "skipped": false
            },
            {
              "title": "Third Test-",
              "fullTitle": "This is First Test Suite Third Test-",
              "timedOut": null,
              "duration": 51,
              "state": "passed",
              "speed": "medium",
              "pass": true,
              "fail": false,
              "pending": false,
              "context": null,
              "code": "{}",
              "err": {},
              "uuid": "357a89a2-f262-448d-ab13-9dd3bfbbc7e1",
              "parentUUID": "cbc3d018-b030-4c3d-b327-8ce0a3081255",
              "isHook": false,
              "skipped": false
            }
          ],
          "suites": [],
          "passes": [
            "b81fbf83-a1b3-4ec0-9e3f-71462ada2377",
            "1c83e697-4bac-4efc-984c-835d00b6e633",
            "357a89a2-f262-448d-ab13-9dd3bfbbc7e1"
          ],
          "failures": [],
          "pending": [],
          "skipped": [],
          "duration": 18048,
          "root": false,
          "rootEmpty": false,
          "_timeout": 2000
        }
      ],
      "passes": [],
      "failures": [],
      "pending": [],
      "skipped": [],
      "duration": 0,
      "root": true,
      "rootEmpty": true,
      "_timeout": 2000
    }
  ],
  "meta": {
    "mocha": {
      "version": "7.0.1"
    },
    "mochawesome": {
      "options": {
        "quiet": false,
        "reportFilename": "report",
        "saveHtml": true,
        "saveJson": true,
        "consoleReporter": "spec",
        "useInlineDiffs": false,
        "code": true
      },
      "version": "6.2.1"
    },
    "marge": {
      "options": {
        "reportdir": "cypress/reports",
        "reportFilename": "report",
        "overwrite": true,
        "html": true,
        "json": true,
        "charts": true,
        "timestamp": "mmddyyyy_HHMMss"
      },
      "version": "5.1.0"
    }
  }
}