{
  "stats": {
    "suites": 1,
    "tests": 2,
    "passes": 1,
    "pending": 1,
    "failures": 0,
    "start": "2021-01-26T18:15:23.846Z",
    "end": "2021-01-26T18:16:09.375Z",
    "duration": 45529,
    "testsRegistered": 3,
    "passPercent": 50,
    "pendingPercent": 33.33333333333333,
    "other": 1,
    "hasOther": true,
    "skipped": 1,
    "hasSkipped": true
  },
  "results": [
    {
      "uuid": "de737899-a9e5-4d63-944e-1948a1958563",
      "title": "",
      "fullFile": "cypress\\integration\\DemoSpecs\\Framework.spec.js",
      "file": "cypress\\integration\\DemoSpecs\\Framework.spec.js",
      "beforeHooks": [],
      "afterHooks": [],
      "tests": [],
      "suites": [
        {
          "uuid": "5c1131f3-f8e1-4444-950a-34e12ce8e328",
          "title": "This is First Test Suite",
          "fullFile": "",
          "file": "",
          "beforeHooks": [],
          "afterHooks": [],
          "tests": [
            {
              "title": "Test Case - 1 ",
              "fullTitle": "This is First Test Suite Test Case - 1 ",
              "timedOut": null,
              "duration": 8864,
              "state": "passed",
              "speed": "slow",
              "pass": true,
              "fail": false,
              "pending": false,
              "context": null,
              "code": "cy.visit(\"https://rahulshettyacademy.com/angularpractice/\");\ncy.get(\"input[name='name']:nth-child(2)\").type(this.data.name);\ncy.get(\"#exampleFormControlSelect1\").select(this.data.gender);\ncy.get(\"input[name='name']:nth-child(1)\").should('have.value', this.data.name);\ncy.screenshot();\ncy.get(\"input[name='name']:nth-child(2)\").should('have.attr', \"minLength\", 2);\ncy.screenshot();\ncy.get('a:contains(\"Shop\")').click({\n  force: true\n}); // cy.addProduct(\"Blackberry\")\n// cy.addProduct(\"Nokia Edge\")\nthis.data.productName.forEach(function (element) {\n  cy.addProduct(element);\n});",
              "err": {},
              "uuid": "37ca7ed4-3e14-42d2-8295-ea16fc324c49",
              "parentUUID": "5c1131f3-f8e1-4444-950a-34e12ce8e328",
              "isHook": false,
              "skipped": false
            },
            {
              "title": "Test Case - POM Model ",
              "fullTitle": "This is First Test Suite Test Case - POM Model ",
              "timedOut": null,
              "duration": 0,
              "state": "pending",
              "speed": null,
              "pass": false,
              "fail": false,
              "pending": true,
              "context": null,
              "code": "",
              "err": {},
              "uuid": "507bda12-1eb7-4a0a-9f5d-39aab8a97425",
              "parentUUID": "5c1131f3-f8e1-4444-950a-34e12ce8e328",
              "isHook": false,
              "skipped": false
            },
            {
              "title": "Test Case - Amazon Login ",
              "fullTitle": "This is First Test Suite Test Case - Amazon Login ",
              "timedOut": null,
              "duration": 30144,
              "state": "failed",
              "speed": null,
              "pass": false,
              "fail": true,
              "pending": false,
              "context": null,
              "code": "// amazonHome.LoginToamazon()\n// amazonHome.enterEmail(\"m.muralimohan@live.in\")\n// amazonHome.clickContinue()\nvar amazonMainPage = new _AmazonMainPage[\"default\"]();\ncy.LoginToAmazon(\"m.muralimohan@live.in\", \"Infosys1$\");\namazonMainPage.searchContentAndSelect(\"Samsung\", \"samsung s20\");\namazonMainPage.searchContentAndSelect(\"IPhone x\", \"IPhone x\");",
              "err": {
                "message": "AssertionError: Timed out retrying after 10130ms: expected '<input#twotabsearchtextbox.nav-input.nav-progressive-attribute>' to have value 'IPhone x', but the value was 'SamsungIPhone x'",
                "estack": "AssertionError: Timed out retrying after 10130ms: expected '<input#twotabsearchtextbox.nav-input.nav-progressive-attribute>' to have value 'IPhone x', but the value was 'SamsungIPhone x'\n    at AmazonMainPage.searchContentAndSelect (https://www.amazon.in/__cypress/tests?p=cypress\\integration\\DemoSpecs\\Framework.spec.js:334:58)\n    at Context.eval (https://www.amazon.in/__cypress/tests?p=cypress\\integration\\DemoSpecs\\Framework.spec.js:225:20)",
                "diff": "- 'SamsungIPhone x'\n+ 'IPhone x'\n"
              },
              "uuid": "666a0dea-89cd-4ccb-916b-0dabd2d3ae59",
              "parentUUID": "5c1131f3-f8e1-4444-950a-34e12ce8e328",
              "isHook": false,
              "skipped": false
            }
          ],
          "suites": [],
          "passes": [
            "37ca7ed4-3e14-42d2-8295-ea16fc324c49"
          ],
          "failures": [
            "666a0dea-89cd-4ccb-916b-0dabd2d3ae59"
          ],
          "pending": [
            "507bda12-1eb7-4a0a-9f5d-39aab8a97425"
          ],
          "skipped": [],
          "duration": 39008,
          "root": false,
          "rootEmpty": false,
          "_timeout": 2000
        }
      ],
      "passes": [],
      "failures": [],
      "pending": [],
      "skipped": [],
      "duration": 0,
      "root": true,
      "rootEmpty": true,
      "_timeout": 2000
    }
  ],
  "meta": {
    "mocha": {
      "version": "7.0.1"
    },
    "mochawesome": {
      "options": {
        "quiet": false,
        "reportFilename": "report",
        "saveHtml": true,
        "saveJson": true,
        "consoleReporter": "spec",
        "useInlineDiffs": false,
        "code": true
      },
      "version": "6.2.1"
    },
    "marge": {
      "options": {
        "reportdir": "cypress/reports",
        "reportFilename": "report",
        "overwrite": true,
        "html": true,
        "json": true,
        "charts": true,
        "timestamp": "mmddyyyy_HHMMss"
      },
      "version": "5.1.0"
    }
  }
}